<?xml version="1.0" encoding="UTF-8"?>
<!-- Generated by org.testng.reporters.JUnitXMLReporter -->
<testsuite ignored="12" hostname="LTIN199934" failures="1" tests="20" name="Test" time="436.832" errors="0" timestamp="2024-03-14T09:44:36 IST">
  <testcase classname="testClasses.TC_01_findingHospitals" name="search" time="4.298"/>
  <testcase classname="testClasses.TC_01_findingHospitals" name="filter" time="105.038"/>
  <testcase classname="testClasses.TC_01_findingHospitals" name="getDoctorsData" time="8.244"/>
  <testcase classname="testClasses.TC_02_findingHospitals" name="navigateToSurgeries" time="7.566"/>
  <testcase classname="testClasses.TC_02_findingHospitals" name="getSurgeriesList" time="25.75"/>
  <testcase classname="testClasses.TC_03_findingHospitals" name="navigateToCorporate" time="1.164"/>
  <testcase classname="testClasses.TC_03_findingHospitals" name="navigateToDemo" time="32.923"/>
  <testcase classname="testClasses.TC_04_findingHospitals" name="verifyingPhoneFieldUsingInvalidMobileNumberFormat" time="5.874"/>
  <testcase classname="testClasses.TC_04_findingHospitals" name="verifyingPhoneFieldUsingBVA" time="2.12"/>
  <testcase classname="testClasses.TC_04_findingHospitals" name="verifyingPhoneFieldUsingBVA_1" time="2.535"/>
  <testcase classname="testClasses.TC_05_findingHospitals" name="verifyingMobileNumUsingValidInput" time="2.126"/>
  <testcase classname="testClasses.TC_05_findingHospitals" name="verifyingMobileNumUsingValidInput_1" time="2.423"/>
  <testcase classname="testClasses.TC_05_findingHospitals" name="verifyingMobileNumUsingValidInput_2" time="1.119"/>
  <testcase classname="testClasses.TC_05_findingHospitals" name="verifyingMobileNumUsingValidInput_3" time="0.649"/>
  <testcase classname="testClasses.TC_06_findingHospitals" name="verifyingEmailUsingInvalidInput" time="0.711"/>
  <testcase classname="testClasses.TC_06_findingHospitals" name="verifyingEmailUsingInvalidInput_1" time="0.713"/>
  <testcase classname="testClasses.TC_06_findingHospitals" name="verifyingEmailUsingInvalidInput_2" time="0.612"/>
  <testcase classname="testClasses.TC_06_findingHospitals" name="verifyingEmailUsingInvalidInput_3" time="0.74"/>
  <testcase classname="testClasses.TC_06_findingHospitals" name="verifyingEmailUsingValidInput" time="0.879"/>
  <testcase classname="testClasses.TC_07_findingHospitals" name="verifyScheduleADemoButtonVisibility" time="83.162">
    <failure type="org.openqa.selenium.TimeoutException" message="Expected condition failed: waiting for visibility of Proxy element for: DefaultElementLocator &amp;apos;By.xpath: (//div[@class=&amp;apos;text-center&amp;apos;]/div)[1]&amp;apos; (tried for 30 second(s) with 500 milliseconds interval)">
      <![CDATA[org.openqa.selenium.TimeoutException: Expected condition failed: waiting for visibility of Proxy element for: DefaultElementLocator 'By.xpath: (//div[@class='text-center']/div)[1]' (tried for 30 second(s) with 500 milliseconds interval)
at org.openqa.selenium.support.ui.WebDriverWait.timeoutException(WebDriverWait.java:84)
at org.openqa.selenium.support.ui.FluentWait.until(FluentWait.java:229)
at POM_files.registration.successMessage(registration.java:68)
at testClasses.TC_07_findingHospitals.verifyScheduleADemoButtonVisibility(TC_07_findingHospitals.java:24)
at java.base/java.util.ArrayList.forEach(ArrayList.java:1511)
Caused by: org.openqa.selenium.NoSuchElementException: no such element: Unable to locate element: {"method":"xpath","selector":"(//div[@class='text-center']/div)[1]"}
  (Session info: chrome=117.0.5938.63)
For documentation on this error, please visit: https://www.selenium.dev/documentation/webdriver/troubleshooting/errors#no-such-element-exception
Build info: version: '4.15.0', revision: '1d14b5521b'
System info: os.name: 'Windows 11', os.arch: 'amd64', os.version: '10.0', java.version: '17.0.9'
Driver info: org.openqa.selenium.chrome.ChromeDriver
Command: [25396fb55343cef4b066cb9e86135595, findElement {using=xpath, value=(//div[@class='text-center']/div)[1]}]
Capabilities {acceptInsecureCerts: false, browserName: chrome, browserVersion: 117.0.5938.63, chrome: {chromedriverVersion: 117.0.5938.149 (e3344ddefa1..., userDataDir: C:\Windows\SystemTemp\scope...}, fedcm:accounts: true, goog:chromeOptions: {debuggerAddress: localhost:56383}, networkConnectionEnabled: false, pageLoadStrategy: normal, platformName: windows, proxy: Proxy(), se:cdp: ws://localhost:56383/devtoo..., se:cdpVersion: 117.0.5938.63, setWindowRect: true, strictFileInteractability: false, timeouts: {implicit: 0, pageLoad: 300000, script: 30000}, unhandledPromptBehavior: dismiss and notify, webauthn:extension:credBlob: true, webauthn:extension:largeBlob: true, webauthn:extension:minPinLength: true, webauthn:extension:prf: true, webauthn:virtualAuthenticators: true}
Session ID: 25396fb55343cef4b066cb9e86135595
at org.openqa.selenium.remote.codec.w3c.W3CHttpResponseCodec.createException(W3CHttpResponseCodec.java:200)
at org.openqa.selenium.remote.codec.w3c.W3CHttpResponseCodec.decode(W3CHttpResponseCodec.java:133)
at org.openqa.selenium.remote.codec.w3c.W3CHttpResponseCodec.decode(W3CHttpResponseCodec.java:52)
at org.openqa.selenium.remote.HttpCommandExecutor.execute(HttpCommandExecutor.java:191)
at org.openqa.selenium.remote.service.DriverCommandExecutor.invokeExecute(DriverCommandExecutor.java:200)
at org.openqa.selenium.remote.service.DriverCommandExecutor.execute(DriverCommandExecutor.java:175)
at org.openqa.selenium.remote.RemoteWebDriver.execute(RemoteWebDriver.java:607)
at org.openqa.selenium.remote.ElementLocation$ElementFinder$2.findElement(ElementLocation.java:165)
at org.openqa.selenium.remote.ElementLocation.findElement(ElementLocation.java:59)
at org.openqa.selenium.remote.RemoteWebDriver.findElement(RemoteWebDriver.java:364)
at org.openqa.selenium.remote.RemoteWebDriver.findElement(RemoteWebDriver.java:358)
at org.openqa.selenium.support.pagefactory.DefaultElementLocator.findElement(DefaultElementLocator.java:68)
at org.openqa.selenium.support.pagefactory.internal.LocatingElementHandler.invoke(LocatingElementHandler.java:38)
at jdk.proxy2/jdk.proxy2.$Proxy49.isDisplayed(Unknown Source)
at org.openqa.selenium.support.ui.ExpectedConditions.elementIfVisible(ExpectedConditions.java:304)
at org.openqa.selenium.support.ui.ExpectedConditions$10.apply(ExpectedConditions.java:290)
at org.openqa.selenium.support.ui.ExpectedConditions$10.apply(ExpectedConditions.java:287)
at org.openqa.selenium.support.ui.FluentWait.until(FluentWait.java:204)
... 30 more
... Removed 32 stack frames]]>
    </failure>
  </testcase> <!-- verifyScheduleADemoButtonVisibility -->
  <testcase classname="testClasses.testClass" name="@AfterTest afterClass" time="0.0">
    <ignored/>
  </testcase> <!-- @AfterTest afterClass -->
  <testcase classname="testClasses.testClass" name="@AfterTest afterClass" time="0.0">
    <ignored/>
  </testcase> <!-- @AfterTest afterClass -->
  <testcase classname="testClasses.testClass" name="@AfterTest afterClass" time="0.0">
    <ignored/>
  </testcase> <!-- @AfterTest afterClass -->
  <testcase classname="testClasses.testClass" name="@AfterTest afterClass" time="0.0">
    <ignored/>
  </testcase> <!-- @AfterTest afterClass -->
  <testcase classname="testClasses.testClass" name="@AfterTest afterClass" time="0.0">
    <ignored/>
  </testcase> <!-- @AfterTest afterClass -->
  <testcase classname="testClasses.testClass" name="@AfterTest afterClass" time="0.0">
    <ignored/>
  </testcase> <!-- @AfterTest afterClass -->
  <testcase classname="testClasses.testClass" name="@BeforeTest setUp" time="0.0">
    <ignored/>
  </testcase> <!-- @BeforeTest setUp -->
  <testcase classname="testClasses.testClass" name="@BeforeTest setUp" time="0.0">
    <ignored/>
  </testcase> <!-- @BeforeTest setUp -->
  <testcase classname="testClasses.testClass" name="@BeforeTest setUp" time="0.0">
    <ignored/>
  </testcase> <!-- @BeforeTest setUp -->
  <testcase classname="testClasses.testClass" name="@BeforeTest setUp" time="0.0">
    <ignored/>
  </testcase> <!-- @BeforeTest setUp -->
  <testcase classname="testClasses.testClass" name="@BeforeTest setUp" time="0.0">
    <ignored/>
  </testcase> <!-- @BeforeTest setUp -->
  <testcase classname="testClasses.testClass" name="@BeforeTest setUp" time="0.0">
    <ignored/>
  </testcase> <!-- @BeforeTest setUp -->
</testsuite> <!-- Test -->
