<html>
<head>
<title>TestNG:  Test</title>
<link href="../testng.css" rel="stylesheet" type="text/css" />
<link href="../my-testng.css" rel="stylesheet" type="text/css" />

<style type="text/css">
.log { display: none;} 
.stack-trace { display: none;} 
</style>
<script type="text/javascript">
<!--
function flip(e) {
  current = e.style.display;
  if (current == 'block') {
    e.style.display = 'none';
    return 0;
  }
  else {
    e.style.display = 'block';
    return 1;
  }
}

function toggleBox(szDivId, elem, msg1, msg2)
{
  var res = -1;  if (document.getElementById) {
    res = flip(document.getElementById(szDivId));
  }
  else if (document.all) {
    // this is the way old msie versions work
    res = flip(document.all[szDivId]);
  }
  if(elem) {
    if(res == 0) elem.innerHTML = msg1; else elem.innerHTML = msg2;
  }

}

function toggleAllBoxes() {
  if (document.getElementsByTagName) {
    d = document.getElementsByTagName('div');
    for (i = 0; i < d.length; i++) {
      if (d[i].className == 'log') {
        flip(d[i]);
      }
    }
  }
}

// -->
</script>

</head>
<body>
<h2 align='center'>Test</h2><table border='1' align="center">
<tr>
<td>Tests passed/Failed/Skipped:</td><td>19/1/0</td>
</tr><tr>
<td>Started on:</td><td>Thu Mar 14 09:37:17 IST 2024</td>
</tr>
<tr><td>Total time:</td><td>436 seconds (436832 ms)</td>
</tr><tr>
<td>Included groups:</td><td>regressionTest smokeTest </td>
</tr><tr>
<td>Excluded groups:</td><td></td>
</tr>
</table><p/>
<small><i>(Hover the method name to see the test class name)</i></small><p/>
<table width='100%' border='1' class='invocation-failed'>
<tr><td colspan='4' align='center'><b>FAILED TESTS</b></td></tr>
<tr><td><b>Test method</b></td>
<td width="30%"><b>Exception</b></td>
<td width="10%"><b>Time (seconds)</b></td>
<td><b>Instance</b></td>
</tr>
<tr>
<td title='testClasses.TC_07_findingHospitals.verifyScheduleADemoButtonVisibility()'><b>verifyScheduleADemoButtonVisibility</b><br>Test class: testClasses.TC_07_findingHospitals</td>
<td><div><pre>org.openqa.selenium.TimeoutException: Expected condition failed: waiting for visibility of Proxy element for: DefaultElementLocator &apos;By.xpath: (//div[@class=&apos;text-center&apos;]/div)[1]&apos; (tried for 30 second(s) with 500 milliseconds interval)
	at org.openqa.selenium.support.ui.WebDriverWait.timeoutException(WebDriverWait.java:84)
	at org.openqa.selenium.support.ui.FluentWait.until(FluentWait.java:229)
	at POM_files.registration.successMessage(registration.java:68)
	at testClasses.TC_07_findingHospitals.verifyScheduleADemoButtonVisibility(TC_07_findingHospitals.java:24)
	at java.base/java.util.ArrayList.forEach(ArrayList.java:1511)
Caused by: org.openqa.selenium.NoSuchElementException: no such element: Unable to locate element: {&quot;method&quot;:&quot;xpath&quot;,&quot;selector&quot;:&quot;(//div[@class=&apos;text-center&apos;]/div)[1]&quot;}
  (Session info: chrome=117.0.5938.63)
For documentation on this error, please visit: https://www.selenium.dev/documentation/webdriver/troubleshooting/errors#no-such-element-exception
Build info: version: &apos;4.15.0&apos;, revision: &apos;1d14b5521b&apos;
System info: os.name: &apos;Windows 11&apos;, os.arch: &apos;amd64&apos;, os.version: &apos;10.0&apos;, java.version: &apos;17.0.9&apos;
Driver info: org.openqa.selenium.chrome.ChromeDriver
Command: [25396fb55343cef4b066cb9e86135595, findElement {using=xpath, value=(//div[@class=&apos;text-center&apos;]/div)[1]}]
Capabilities {acceptInsecureCerts: false, browserName: chrome, browserVersion: 117.0.5938.63, chrome: {chromedriverVersion: 117.0.5938.149 (e3344ddefa1..., userDataDir: C:\Windows\SystemTemp\scope...}, fedcm:accounts: true, goog:chromeOptions: {debuggerAddress: localhost:56383}, networkConnectionEnabled: false, pageLoadStrategy: normal, platformName: windows, proxy: Proxy(), se:cdp: ws://localhost:56383/devtoo..., se:cdpVersion: 117.0.5938.63, setWindowRect: true, strictFileInteractability: false, timeouts: {implicit: 0, pageLoad: 300000, script: 30000}, unhandledPromptBehavior: dismiss and notify, webauthn:extension:credBlob: true, webauthn:extension:largeBlob: true, webauthn:extension:minPinLength: true, webauthn:extension:prf: true, webauthn:virtualAuthenticators: true}
Session ID: 25396fb55343cef4b066cb9e86135595
	at org.openqa.selenium.remote.codec.w3c.W3CHttpResponseCodec.createException(W3CHttpResponseCodec.java:200)
	at org.openqa.selenium.remote.codec.w3c.W3CHttpResponseCodec.decode(W3CHttpResponseCodec.java:133)
	at org.openqa.selenium.remote.codec.w3c.W3CHttpResponseCodec.decode(W3CHttpResponseCodec.java:52)
	at org.openqa.selenium.remote.HttpCommandExecutor.execute(HttpCommandExecutor.java:191)
	at org.openqa.selenium.remote.service.DriverCommandExecutor.invokeExecute(DriverCommandExecutor.java:200)
	at org.openqa.selenium.remote.service.DriverCommandExecutor.execute(DriverCommandExecutor.java:175)
	at org.openqa.selenium.remote.RemoteWebDriver.execute(RemoteWebDriver.java:607)
	at org.openqa.selenium.remote.ElementLocation$ElementFinder$2.findElement(ElementLocation.java:165)
	at org.openqa.selenium.remote.ElementLocation.findElement(ElementLocation.java:59)
	at org.openqa.selenium.remote.RemoteWebDriver.findElement(RemoteWebDriver.java:364)
	at org.openqa.selenium.remote.RemoteWebDriver.findElement(RemoteWebDriver.java:358)
	at org.openqa.selenium.support.pagefactory.DefaultElementLocator.findElement(DefaultElementLocator.java:68)
	at org.openqa.selenium.support.pagefactory.internal.LocatingElementHandler.invoke(LocatingElementHandler.java:38)
	at jdk.proxy2/jdk.proxy2.$Proxy49.isDisplayed(Unknown Source)
	at org.openqa.selenium.support.ui.ExpectedConditions.elementIfVisible(ExpectedConditions.java:304)
	at org.openqa.selenium.support.ui.ExpectedConditions$10.apply(ExpectedConditions.java:290)
	at org.openqa.selenium.support.ui.ExpectedConditions$10.apply(ExpectedConditions.java:287)
	at org.openqa.selenium.support.ui.FluentWait.until(FluentWait.java:204)
	... 30 more
... Removed 32 stack frames</pre></div><a href='#' onClick='toggleBox("stack-trace1164616817", this, "Click to show all stack frames", "Click to hide stack frames")'>Click to show all stack frames</a>
<div class='stack-trace' id='stack-trace1164616817'><pre>org.openqa.selenium.TimeoutException: Expected condition failed: waiting for visibility of Proxy element for: DefaultElementLocator &apos;By.xpath: (//div[@class=&apos;text-center&apos;]/div)[1]&apos; (tried for 30 second(s) with 500 milliseconds interval)
	at org.openqa.selenium.support.ui.WebDriverWait.timeoutException(WebDriverWait.java:84)
	at org.openqa.selenium.support.ui.FluentWait.until(FluentWait.java:229)
	at POM_files.registration.successMessage(registration.java:68)
	at testClasses.TC_07_findingHospitals.verifyScheduleADemoButtonVisibility(TC_07_findingHospitals.java:24)
	at java.base/jdk.internal.reflect.NativeMethodAccessorImpl.invoke0(Native Method)
	at java.base/jdk.internal.reflect.NativeMethodAccessorImpl.invoke(NativeMethodAccessorImpl.java:77)
	at java.base/jdk.internal.reflect.DelegatingMethodAccessorImpl.invoke(DelegatingMethodAccessorImpl.java:43)
	at java.base/java.lang.reflect.Method.invoke(Method.java:568)
	at org.testng.internal.MethodInvocationHelper.invokeMethod(MethodInvocationHelper.java:133)
	at org.testng.internal.TestInvoker.invokeMethod(TestInvoker.java:598)
	at org.testng.internal.TestInvoker.invokeTestMethod(TestInvoker.java:173)
	at org.testng.internal.MethodRunner.runInSequence(MethodRunner.java:46)
	at org.testng.internal.TestInvoker$MethodInvocationAgent.invoke(TestInvoker.java:824)
	at org.testng.internal.TestInvoker.invokeTestMethods(TestInvoker.java:146)
	at org.testng.internal.TestMethodWorker.invokeTestMethods(TestMethodWorker.java:146)
	at org.testng.internal.TestMethodWorker.run(TestMethodWorker.java:128)
	at java.base/java.util.ArrayList.forEach(ArrayList.java:1511)
	at org.testng.TestRunner.privateRun(TestRunner.java:794)
	at org.testng.TestRunner.run(TestRunner.java:596)
	at org.testng.SuiteRunner.runTest(SuiteRunner.java:377)
	at org.testng.SuiteRunner.runSequentially(SuiteRunner.java:371)
	at org.testng.SuiteRunner.privateRun(SuiteRunner.java:332)
	at org.testng.SuiteRunner.run(SuiteRunner.java:276)
	at org.testng.SuiteRunnerWorker.runSuite(SuiteRunnerWorker.java:53)
	at org.testng.SuiteRunnerWorker.run(SuiteRunnerWorker.java:96)
	at org.testng.TestNG.runSuitesSequentially(TestNG.java:1212)
	at org.testng.TestNG.runSuitesLocally(TestNG.java:1134)
	at org.testng.TestNG.runSuites(TestNG.java:1063)
	at org.testng.TestNG.run(TestNG.java:1031)
	at org.testng.remote.AbstractRemoteTestNG.run(AbstractRemoteTestNG.java:115)
	at org.testng.remote.RemoteTestNG.initAndRun(RemoteTestNG.java:251)
	at org.testng.remote.RemoteTestNG.main(RemoteTestNG.java:77)
Caused by: org.openqa.selenium.NoSuchElementException: no such element: Unable to locate element: {&quot;method&quot;:&quot;xpath&quot;,&quot;selector&quot;:&quot;(//div[@class=&apos;text-center&apos;]/div)[1]&quot;}
  (Session info: chrome=117.0.5938.63)
For documentation on this error, please visit: https://www.selenium.dev/documentation/webdriver/troubleshooting/errors#no-such-element-exception
Build info: version: &apos;4.15.0&apos;, revision: &apos;1d14b5521b&apos;
System info: os.name: &apos;Windows 11&apos;, os.arch: &apos;amd64&apos;, os.version: &apos;10.0&apos;, java.version: &apos;17.0.9&apos;
Driver info: org.openqa.selenium.chrome.ChromeDriver
Command: [25396fb55343cef4b066cb9e86135595, findElement {using=xpath, value=(//div[@class=&apos;text-center&apos;]/div)[1]}]
Capabilities {acceptInsecureCerts: false, browserName: chrome, browserVersion: 117.0.5938.63, chrome: {chromedriverVersion: 117.0.5938.149 (e3344ddefa1..., userDataDir: C:\Windows\SystemTemp\scope...}, fedcm:accounts: true, goog:chromeOptions: {debuggerAddress: localhost:56383}, networkConnectionEnabled: false, pageLoadStrategy: normal, platformName: windows, proxy: Proxy(), se:cdp: ws://localhost:56383/devtoo..., se:cdpVersion: 117.0.5938.63, setWindowRect: true, strictFileInteractability: false, timeouts: {implicit: 0, pageLoad: 300000, script: 30000}, unhandledPromptBehavior: dismiss and notify, webauthn:extension:credBlob: true, webauthn:extension:largeBlob: true, webauthn:extension:minPinLength: true, webauthn:extension:prf: true, webauthn:virtualAuthenticators: true}
Session ID: 25396fb55343cef4b066cb9e86135595
	at java.base/jdk.internal.reflect.NativeConstructorAccessorImpl.newInstance0(Native Method)
	at java.base/jdk.internal.reflect.NativeConstructorAccessorImpl.newInstance(NativeConstructorAccessorImpl.java:77)
	at java.base/jdk.internal.reflect.DelegatingConstructorAccessorImpl.newInstance(DelegatingConstructorAccessorImpl.java:45)
	at java.base/java.lang.reflect.Constructor.newInstanceWithCaller(Constructor.java:499)
	at java.base/java.lang.reflect.Constructor.newInstance(Constructor.java:480)
	at org.openqa.selenium.remote.codec.w3c.W3CHttpResponseCodec.createException(W3CHttpResponseCodec.java:200)
	at org.openqa.selenium.remote.codec.w3c.W3CHttpResponseCodec.decode(W3CHttpResponseCodec.java:133)
	at org.openqa.selenium.remote.codec.w3c.W3CHttpResponseCodec.decode(W3CHttpResponseCodec.java:52)
	at org.openqa.selenium.remote.HttpCommandExecutor.execute(HttpCommandExecutor.java:191)
	at org.openqa.selenium.remote.service.DriverCommandExecutor.invokeExecute(DriverCommandExecutor.java:200)
	at org.openqa.selenium.remote.service.DriverCommandExecutor.execute(DriverCommandExecutor.java:175)
	at org.openqa.selenium.remote.RemoteWebDriver.execute(RemoteWebDriver.java:607)
	at org.openqa.selenium.remote.ElementLocation$ElementFinder$2.findElement(ElementLocation.java:165)
	at org.openqa.selenium.remote.ElementLocation.findElement(ElementLocation.java:59)
	at org.openqa.selenium.remote.RemoteWebDriver.findElement(RemoteWebDriver.java:364)
	at org.openqa.selenium.remote.RemoteWebDriver.findElement(RemoteWebDriver.java:358)
	at org.openqa.selenium.support.pagefactory.DefaultElementLocator.findElement(DefaultElementLocator.java:68)
	at org.openqa.selenium.support.pagefactory.internal.LocatingElementHandler.invoke(LocatingElementHandler.java:38)
	at jdk.proxy2/jdk.proxy2.$Proxy49.isDisplayed(Unknown Source)
	at org.openqa.selenium.support.ui.ExpectedConditions.elementIfVisible(ExpectedConditions.java:304)
	at org.openqa.selenium.support.ui.ExpectedConditions$10.apply(ExpectedConditions.java:290)
	at org.openqa.selenium.support.ui.ExpectedConditions$10.apply(ExpectedConditions.java:287)
	at org.openqa.selenium.support.ui.FluentWait.until(FluentWait.java:204)
	... 30 more
</pre></div></td>
<td>83</td>
<td>testClasses.TC_07_findingHospitals@4b45a2f5</td></tr>
</table><p>
<table width='100%' border='1' class='invocation-passed'>
<tr><td colspan='4' align='center'><b>PASSED TESTS</b></td></tr>
<tr><td><b>Test method</b></td>
<td width="30%"><b>Exception</b></td>
<td width="10%"><b>Time (seconds)</b></td>
<td><b>Instance</b></td>
</tr>
<tr>
<td title='testClasses.TC_06_findingHospitals.verifyingEmailUsingValidInput()'><b>verifyingEmailUsingValidInput</b><br>Test class: testClasses.TC_06_findingHospitals</td>
<td></td>
<td>0</td>
<td>testClasses.TC_06_findingHospitals@38cee291</td></tr>
<tr>
<td title='testClasses.TC_03_findingHospitals.navigateToDemo()'><b>navigateToDemo</b><br>Test class: testClasses.TC_03_findingHospitals</td>
<td></td>
<td>32</td>
<td>testClasses.TC_03_findingHospitals@4d154ccd</td></tr>
<tr>
<td title='testClasses.TC_06_findingHospitals.verifyingEmailUsingInvalidInput()'><b>verifyingEmailUsingInvalidInput</b><br>Test class: testClasses.TC_06_findingHospitals</td>
<td></td>
<td>0</td>
<td>testClasses.TC_06_findingHospitals@38cee291</td></tr>
<tr>
<td title='testClasses.TC_06_findingHospitals.verifyingEmailUsingInvalidInput_3()'><b>verifyingEmailUsingInvalidInput_3</b><br>Test class: testClasses.TC_06_findingHospitals</td>
<td></td>
<td>0</td>
<td>testClasses.TC_06_findingHospitals@38cee291</td></tr>
<tr>
<td title='testClasses.TC_01_findingHospitals.filter()'><b>filter</b><br>Test class: testClasses.TC_01_findingHospitals</td>
<td></td>
<td>105</td>
<td>testClasses.TC_01_findingHospitals@52719fb6</td></tr>
<tr>
<td title='testClasses.TC_03_findingHospitals.navigateToCorporate()'><b>navigateToCorporate</b><br>Test class: testClasses.TC_03_findingHospitals</td>
<td></td>
<td>1</td>
<td>testClasses.TC_03_findingHospitals@4d154ccd</td></tr>
<tr>
<td title='testClasses.TC_05_findingHospitals.verifyingMobileNumUsingValidInput()'><b>verifyingMobileNumUsingValidInput</b><br>Test class: testClasses.TC_05_findingHospitals</td>
<td></td>
<td>2</td>
<td>testClasses.TC_05_findingHospitals@791f145a</td></tr>
<tr>
<td title='testClasses.TC_05_findingHospitals.verifyingMobileNumUsingValidInput_1()'><b>verifyingMobileNumUsingValidInput_1</b><br>Test class: testClasses.TC_05_findingHospitals</td>
<td></td>
<td>2</td>
<td>testClasses.TC_05_findingHospitals@791f145a</td></tr>
<tr>
<td title='testClasses.TC_01_findingHospitals.search()'><b>search</b><br>Test class: testClasses.TC_01_findingHospitals</td>
<td></td>
<td>4</td>
<td>testClasses.TC_01_findingHospitals@52719fb6</td></tr>
<tr>
<td title='testClasses.TC_04_findingHospitals.verifyingPhoneFieldUsingBVA()'><b>verifyingPhoneFieldUsingBVA</b><br>Test class: testClasses.TC_04_findingHospitals</td>
<td></td>
<td>2</td>
<td>testClasses.TC_04_findingHospitals@1e0b4072</td></tr>
<tr>
<td title='testClasses.TC_04_findingHospitals.verifyingPhoneFieldUsingBVA_1()'><b>verifyingPhoneFieldUsingBVA_1</b><br>Test class: testClasses.TC_04_findingHospitals</td>
<td></td>
<td>2</td>
<td>testClasses.TC_04_findingHospitals@1e0b4072</td></tr>
<tr>
<td title='testClasses.TC_06_findingHospitals.verifyingEmailUsingInvalidInput_2()'><b>verifyingEmailUsingInvalidInput_2</b><br>Test class: testClasses.TC_06_findingHospitals</td>
<td></td>
<td>0</td>
<td>testClasses.TC_06_findingHospitals@38cee291</td></tr>
<tr>
<td title='testClasses.TC_02_findingHospitals.getSurgeriesList()'><b>getSurgeriesList</b><br>Test class: testClasses.TC_02_findingHospitals</td>
<td></td>
<td>25</td>
<td>testClasses.TC_02_findingHospitals@65c7a252</td></tr>
<tr>
<td title='testClasses.TC_01_findingHospitals.getDoctorsData()'><b>getDoctorsData</b><br>Test class: testClasses.TC_01_findingHospitals</td>
<td></td>
<td>8</td>
<td>testClasses.TC_01_findingHospitals@52719fb6</td></tr>
<tr>
<td title='testClasses.TC_04_findingHospitals.verifyingPhoneFieldUsingInvalidMobileNumberFormat()'><b>verifyingPhoneFieldUsingInvalidMobileNumberFormat</b><br>Test class: testClasses.TC_04_findingHospitals</td>
<td></td>
<td>5</td>
<td>testClasses.TC_04_findingHospitals@1e0b4072</td></tr>
<tr>
<td title='testClasses.TC_05_findingHospitals.verifyingMobileNumUsingValidInput_2()'><b>verifyingMobileNumUsingValidInput_2</b><br>Test class: testClasses.TC_05_findingHospitals</td>
<td></td>
<td>1</td>
<td>testClasses.TC_05_findingHospitals@791f145a</td></tr>
<tr>
<td title='testClasses.TC_05_findingHospitals.verifyingMobileNumUsingValidInput_3()'><b>verifyingMobileNumUsingValidInput_3</b><br>Test class: testClasses.TC_05_findingHospitals</td>
<td></td>
<td>0</td>
<td>testClasses.TC_05_findingHospitals@791f145a</td></tr>
<tr>
<td title='testClasses.TC_02_findingHospitals.navigateToSurgeries()'><b>navigateToSurgeries</b><br>Test class: testClasses.TC_02_findingHospitals</td>
<td></td>
<td>7</td>
<td>testClasses.TC_02_findingHospitals@65c7a252</td></tr>
<tr>
<td title='testClasses.TC_06_findingHospitals.verifyingEmailUsingInvalidInput_1()'><b>verifyingEmailUsingInvalidInput_1</b><br>Test class: testClasses.TC_06_findingHospitals</td>
<td></td>
<td>0</td>
<td>testClasses.TC_06_findingHospitals@38cee291</td></tr>
</table><p>
</body>
</html>